<?xml version="1.0" encoding="UTF-8"?>
<!-- Generated by org.testng.reporters.JUnitReportReporter -->
<testsuite skipped="0" hostname="PROD-58383" name="com.nba.frontEnd.test.nbaHomePageTest" tests="2" failures="0" timestamp="2021-06-07T12:15:00 EDT" time="2.247" errors="0">
  <testcase name="homePageLoginTests" time="2.175" classname="com.nba.frontEnd.test.nbaHomePageTest"/>
  <system-out/>
  <testcase name="logoDisplayedTest" time="0.072" classname="com.nba.frontEnd.test.nbaHomePageTest"/>
  <system-out/>
</testsuite> <!-- com.nba.frontEnd.test.nbaHomePageTest -->
