<?xml version="1.0" encoding="UTF-8"?>
<!-- Generated by org.testng.reporters.JUnitReportReporter -->
<testsuite skipped="0" hostname="PROD-58383" name="com.nba.frontEnd.test.nbaPrivacyPageTest" tests="1" failures="0" timestamp="2021-06-07T12:15:00 EDT" time="6.604" errors="0">
  <testcase name="validatePrivacyUIElements" time="6.604" classname="com.nba.frontEnd.test.nbaPrivacyPageTest"/>
  <system-out/>
</testsuite> <!-- com.nba.frontEnd.test.nbaPrivacyPageTest -->
