<?xml version="1.0" encoding="UTF-8"?>
<!-- Generated by org.testng.reporters.JUnitReportReporter -->
<testsuite skipped="0" hostname="PROD-58383" name="com.nba.frontEnd.test.nbaSearchPageTest" tests="1" failures="0" timestamp="2021-06-07T12:15:00 EDT" time="12.371" errors="0">
  <testcase name="validateSearchImprovements" time="12.371" classname="com.nba.frontEnd.test.nbaSearchPageTest"/>
  <system-out/>
</testsuite> <!-- com.nba.frontEnd.test.nbaSearchPageTest -->
