<?xml version="1.0" encoding="UTF-8"?>
<!-- Generated by org.testng.reporters.JUnitReportReporter -->
<testsuite skipped="0" hostname="PROD-58383" name="com.nba.frontEnd.test.nbaWatchVidTest" tests="1" failures="0" timestamp="2021-06-07T12:15:00 EDT" time="4.632" errors="0">
  <testcase name="validateVideoPlayback" time="4.632" classname="com.nba.frontEnd.test.nbaWatchVidTest"/>
  <system-out/>
</testsuite> <!-- com.nba.frontEnd.test.nbaWatchVidTest -->
