<?xml version="1.0" encoding="UTF-8"?>
<!-- Generated by org.testng.reporters.JUnitReportReporter -->
<testsuite skipped="0" hostname="PROD-58383" name="com.nba.frontEnd.test.nbaTeamsPageTest" tests="1" failures="0" timestamp="2021-06-07T12:15:00 EDT" time="7.987" errors="0">
  <testcase name="validateFavoriteSignInPrompt" time="7.987" classname="com.nba.frontEnd.test.nbaTeamsPageTest"/>
  <system-out/>
</testsuite> <!-- com.nba.frontEnd.test.nbaTeamsPageTest -->
